# JRE version: Java(TM) SE Runtime Environment (8.0_221-b11) (build 1.8.0_221-b11)
# Java VM: Java HotSpot(TM) 64-Bit Server VM (25.221-b11 mixed mode windows-amd64 compressed oops)
Heap:
 PSYoungGen      total 324608K, used 316800K [0x00000000db300000, 0x00000000fbb00000, 0x0000000100000000)
  eden space 124928K, 100% used [0x00000000db300000,0x00000000e2d00000,0x00000000e2d00000)
  from space 199680K, 96% used [0x00000000ef100000,0x00000000fac60000,0x00000000fb400000)
  to   space 200704K, 10% used [0x00000000e2d00000,0x00000000e40b0000,0x00000000ef100000)
 ParOldGen       total 1142272K, used 1059450K [0x0000000091800000, 0x00000000d7380000, 0x00000000db300000)
  object space 1142272K, 92% used [0x0000000091800000,0x00000000d22a2b78,0x00000000d7380000)
 Metaspace       used 3237K, capacity 4500K, committed 4864K, reserved 1056768K
  class space    used 349K, capacity 388K, committed 512K, reserved 1048576K
GC Heap History (10 events):
Event: 9.971 GC heap after
Heap after GC invocations=17 (full 4):
 PSYoungGen      total 278016K, used 77600K [0x00000000db300000, 0x00000000f9d80000, 0x0000000100000000)
  eden space 77312K, 0% used [0x00000000db300000,0x00000000db300000,0x00000000dfe80000)
  from space 200704K, 38% used [0x00000000dfe80000,0x00000000e4a48000,0x00000000ec280000)
  to   space 200704K, 0% used [0x00000000ed980000,0x00000000ed980000,0x00000000f9d80000)
 ParOldGen       total 796672K, used 753493K [0x0000000091800000, 0x00000000c2200000, 0x00000000db300000)
  object space 796672K, 94% used [0x0000000091800000,0x00000000bf7d5758,0x00000000c2200000)
 Metaspace       used 3237K, capacity 4500K, committed 4864K, reserved 1056768K
  class space    used 349K, capacity 388K, committed 512K, reserved 1048576K
}
Event: 9.971 GC heap before
{Heap before GC invocations=18 (full 5):
 PSYoungGen      total 278016K, used 77600K [0x00000000db300000, 0x00000000f9d80000, 0x0000000100000000)
  eden space 77312K, 0% used [0x00000000db300000,0x00000000db300000,0x00000000dfe80000)
  from space 200704K, 38% used [0x00000000dfe80000,0x00000000e4a48000,0x00000000ec280000)
  to   space 200704K, 0% used [0x00000000ed980000,0x00000000ed980000,0x00000000f9d80000)
 ParOldGen       total 796672K, used 753493K [0x0000000091800000, 0x00000000c2200000, 0x00000000db300000)
  object space 796672K, 94% used [0x0000000091800000,0x00000000bf7d5758,0x00000000c2200000)
 Metaspace       used 3237K, capacity 4500K, committed 4864K, reserved 1056768K
  class space    used 349K, capacity 388K, committed 512K, reserved 1048576K
Event: 12.502 GC heap after
Heap after GC invocations=18 (full 5):
 PSYoungGen      total 278016K, used 0K [0x00000000db300000, 0x00000000f9d80000, 0x0000000100000000)
  eden space 77312K, 0% used [0x00000000db300000,0x00000000db300000,0x00000000dfe80000)
  from space 200704K, 0% used [0x00000000dfe80000,0x00000000dfe80000,0x00000000ec280000)
  to   space 200704K, 0% used [0x00000000ed980000,0x00000000ed980000,0x00000000f9d80000)
 ParOldGen       total 1142272K, used 794142K [0x0000000091800000, 0x00000000d7380000, 0x00000000db300000)
  object space 1142272K, 69% used [0x0000000091800000,0x00000000c1f87bb0,0x00000000d7380000)
 Metaspace       used 3237K, capacity 4500K, committed 4864K, reserved 1056768K
  class space    used 349K, capacity 388K, committed 512K, reserved 1048576K
}
Event: 12.583 GC heap before
{Heap before GC invocations=19 (full 5):
 PSYoungGen      total 278016K, used 77312K [0x00000000db300000, 0x00000000f9d80000, 0x0000000100000000)
  eden space 77312K, 100% used [0x00000000db300000,0x00000000dfe80000,0x00000000dfe80000)
  from space 200704K, 0% used [0x00000000dfe80000,0x00000000dfe80000,0x00000000ec280000)
  to   space 200704K, 0% used [0x00000000ed980000,0x00000000ed980000,0x00000000f9d80000)
 ParOldGen       total 1142272K, used 794142K [0x0000000091800000, 0x00000000d7380000, 0x00000000db300000)
  object space 1142272K, 69% used [0x0000000091800000,0x00000000c1f87bb0,0x00000000d7380000)
 Metaspace       used 3237K, capacity 4500K, committed 4864K, reserved 1056768K
  class space    used 349K, capacity 388K, committed 512K, reserved 1048576K
Event: 12.804 GC heap after
Heap after GC invocations=19 (full 5):
 PSYoungGen      total 291328K, used 77536K [0x00000000db300000, 0x00000000f9880000, 0x0000000100000000)
  eden space 95744K, 0% used [0x00000000db300000,0x00000000db300000,0x00000000e1080000)
  from space 195584K, 39% used [0x00000000ed980000,0x00000000f2538000,0x00000000f9880000)
  to   space 200704K, 0% used [0x00000000e1080000,0x00000000e1080000,0x00000000ed480000)
 ParOldGen       total 1142272K, used 794142K [0x0000000091800000, 0x00000000d7380000, 0x00000000db300000)
  object space 1142272K, 69% used [0x0000000091800000,0x00000000c1f87bb0,0x00000000d7380000)
 Metaspace       used 3237K, capacity 4500K, committed 4864K, reserved 1056768K
  class space    used 349K, capacity 388K, committed 512K, reserved 1048576K
}
Event: 12.886 GC heap before
{Heap before GC invocations=20 (full 5):
 PSYoungGen      total 291328K, used 173280K [0x00000000db300000, 0x00000000f9880000, 0x0000000100000000)
  eden space 95744K, 100% used [0x00000000db300000,0x00000000e1080000,0x00000000e1080000)
  from space 195584K, 39% used [0x00000000ed980000,0x00000000f2538000,0x00000000f9880000)
  to   space 200704K, 0% used [0x00000000e1080000,0x00000000e1080000,0x00000000ed480000)
 ParOldGen       total 1142272K, used 794142K [0x0000000091800000, 0x00000000d7380000, 0x00000000db300000)
  object space 1142272K, 69% used [0x0000000091800000,0x00000000c1f87bb0,0x00000000d7380000)
 Metaspace       used 3237K, capacity 4500K, committed 4864K, reserved 1056768K
  class space    used 349K, capacity 388K, committed 512K, reserved 1048576K
Event: 13.498 GC heap after
Heap after GC invocations=20 (full 5):
 PSYoungGen      total 296448K, used 96032K [0x00000000db300000, 0x00000000fb400000, 0x0000000100000000)
  eden space 95744K, 0% used [0x00000000db300000,0x00000000db300000,0x00000000e1080000)
  from space 200704K, 47% used [0x00000000e1080000,0x00000000e6e48000,0x00000000ed480000)
  to   space 199680K, 0% used [0x00000000ef100000,0x00000000ef100000,0x00000000fb400000)
 ParOldGen       total 1142272K, used 871766K [0x0000000091800000, 0x00000000d7380000, 0x00000000db300000)
  object space 1142272K, 76% used [0x0000000091800000,0x00000000c6b55bb0,0x00000000d7380000)
 Metaspace       used 3237K, capacity 4500K, committed 4864K, reserved 1056768K
  class space    used 349K, capacity 388K, committed 512K, reserved 1048576K
}
Event: 13.580 GC heap before
{Heap before GC invocations=21 (full 5):
 PSYoungGen      total 296448K, used 191776K [0x00000000db300000, 0x00000000fb400000, 0x0000000100000000)
  eden space 95744K, 100% used [0x00000000db300000,0x00000000e1080000,0x00000000e1080000)
  from space 200704K, 47% used [0x00000000e1080000,0x00000000e6e48000,0x00000000ed480000)
  to   space 199680K, 0% used [0x00000000ef100000,0x00000000ef100000,0x00000000fb400000)
 ParOldGen       total 1142272K, used 871766K [0x0000000091800000, 0x00000000d7380000, 0x00000000db300000)
  object space 1142272K, 76% used [0x0000000091800000,0x00000000c6b55bb0,0x00000000d7380000)
 Metaspace       used 3237K, capacity 4500K, committed 4864K, reserved 1056768K
  class space    used 349K, capacity 388K, committed 512K, reserved 1048576K
Event: 14.138 GC heap after
Heap after GC invocations=21 (full 5):
 PSYoungGen      total 324608K, used 191872K [0x00000000db300000, 0x00000000fbb00000, 0x0000000100000000)
  eden space 124928K, 0% used [0x00000000db300000,0x00000000db300000,0x00000000e2d00000)
  from space 199680K, 96% used [0x00000000ef100000,0x00000000fac60000,0x00000000fb400000)
  to   space 200704K, 0% used [0x00000000e2d00000,0x00000000e2d00000,0x00000000ef100000)
 ParOldGen       total 1142272K, used 871766K [0x0000000091800000, 0x00000000d7380000, 0x00000000db300000)
  object space 1142272K, 76% used [0x0000000091800000,0x00000000c6b55bb0,0x00000000d7380000)
 Metaspace       used 3237K, capacity 4500K, committed 4864K, reserved 1056768K
  class space    used 349K, capacity 388K, committed 512K, reserved 1048576K
}
Event: 14.569 GC heap before
{Heap before GC invocations=22 (full 5):
 PSYoungGen      total 324608K, used 316800K [0x00000000db300000, 0x00000000fbb00000, 0x0000000100000000)
  eden space 124928K, 100% used [0x00000000db300000,0x00000000e2d00000,0x00000000e2d00000)
  from space 199680K, 96% used [0x00000000ef100000,0x00000000fac60000,0x00000000fb400000)
  to   space 200704K, 0% used [0x00000000e2d00000,0x00000000e2d00000,0x00000000ef100000)
 ParOldGen       total 1142272K, used 952890K [0x0000000091800000, 0x00000000d7380000, 0x00000000db300000)
  object space 1142272K, 83% used [0x0000000091800000,0x00000000cba8eb78,0x00000000d7380000)
 Metaspace       used 3237K, capacity 4500K, committed 4864K, reserved 1056768K
  class space    used 349K, capacity 388K, committed 512K, reserved 1048576K

